
> affiliate-platform@0.1.0 build
> next build

▲ Next.js 16.2.2 (Turbopack)
- Environments: .env.local

⚠ The "middleware" file convention is deprecated. Please use "proxy" instead. Learn more: https://nextjs.org/docs/messages/middleware-to-proxy
  Creating an optimized production build ...
✓ Compiled successfully in 2.8s
  Running TypeScript ...
  Finished TypeScript in 3.9s ...
  Collecting page data using 19 workers ...
  Generating static pages using 19 workers (0/38) ...
  Generating static pages using 19 workers (9/38) 
  Generating static pages using 19 workers (18/38) 
  Generating static pages using 19 workers (28/38) 
✓ Generating static pages using 19 workers (38/38) in 182ms
  Finalizing page optimization ...

Route (app)
┌ ○ /
├ ○ /_not-found
├ ƒ /admin
├ ƒ /admin/affiliates
├ ƒ /admin/billing
├ ƒ /admin/campaigns
├ ƒ /admin/commissions
├ ƒ /admin/payouts/generate
├ ƒ /admin/payouts/history
├ ƒ /admin/portal-config
├ ƒ /admin/referrals
├ ƒ /admin/referred-users
├ ƒ /admin/settings
├ ƒ /admin/subscription
├ ƒ /api/admin/export/payouts
├ ƒ /api/admin/export/referrals
├ ƒ /api/admin/export/referred-users
├ ƒ /api/keepalive
├ ƒ /api/track-click
├ ƒ /api/webhooks/custom
├ ƒ /api/webhooks/saas-stripe
├ ƒ /api/webhooks/stripe
├ ○ /applied
├ ○ /apply
├ ○ /apply/details
├ ƒ /auth/callback
├ ƒ /auth/signout
├ ○ /icon.png
├ ○ /login
├ ƒ /portal
├ ƒ /portal/commission-details
├ ƒ /portal/commissions
├ ƒ /portal/payouts
├ ƒ /portal/referrals
├ ƒ /portal/settings
├ ○ /register
├ ○ /reset-password
└ ○ /set-password


ƒ Proxy (Middleware)

○  (Static)   prerendered as static content
ƒ  (Dynamic)  server-rendered on demand

